<?xml version="1.0" encoding="UTF-8"?>
<!-- Generated by org.testng.reporters.JUnitXMLReporter -->
<testsuite ignored="0" hostname="DESKTOP-54ESU9B" failures="0" tests="5" name="Test2" time="97.153" errors="0" timestamp="03 Jan 2020 06:10:44 GMT">
  <testcase classname="Tests.Assignment2_Test" name="SearchTheLocation" time="11.978"/>
  <testcase classname="Tests.Assignment2_Test" name="ClickOnReviewTest" time="10.807"/>
  <testcase classname="Tests.Assignment2_Test" name="MouseOverBubblesTest" time="14.092"/>
  <testcase classname="Tests.Assignment2_Test" name="HotelServiceratingTest" time="9.214"/>
  <testcase classname="Tests.Assignment2_Test" name="FillReviewDetailsTest" time="24.868"/>
</testsuite> <!-- Test2 -->
