<?xml version="1.0" encoding="UTF-8"?>
<!-- Generated by org.testng.reporters.JUnitXMLReporter -->
<testsuite ignored="0" hostname="DESKTOP-54ESU9B" failures="0" tests="4" name="Test1" time="37.739" errors="0" timestamp="03 Jan 2020 06:09:06 GMT">
  <testcase classname="Tests.Assignment1_Test" name="SearchProductInAmazonTest" time="9.391"/>
  <testcase classname="Tests.Assignment1_Test" name="NavigateToFlipkart" time="4.447"/>
  <testcase classname="Tests.Assignment1_Test" name="SearchProductTestInFlipCartTest" time="3.753"/>
  <testcase classname="Tests.Assignment1_Test" name="CompareBothPrices" time="0.002"/>
</testsuite> <!-- Test1 -->
