<?xml version="1.0" encoding="UTF-8"?>
<!-- Generated by org.testng.reporters.JUnitXMLReporter -->
<testsuite ignored="0" hostname="DESKTOP-54ESU9B" failures="0" tests="5" name="Default test" time="110.076" errors="0" timestamp="03 Jan 2020 06:06:34 GMT">
  <testcase classname="Tests.Assignment2_Test" name="SearchTheLocation" time="10.477"/>
  <testcase classname="Tests.Assignment2_Test" name="ClickOnReviewTest" time="10.879"/>
  <testcase classname="Tests.Assignment2_Test" name="MouseOverBubblesTest" time="13.391"/>
  <testcase classname="Tests.Assignment2_Test" name="HotelServiceratingTest" time="9.219"/>
  <testcase classname="Tests.Assignment2_Test" name="FillReviewDetailsTest" time="26.311"/>
</testsuite> <!-- Default test -->
