<?xml version="1.0" encoding="UTF-8"?>
<!-- Generated by org.testng.reporters.JUnitXMLReporter -->
<testsuite ignored="0" hostname="DESKTOP-54ESU9B" failures="0" tests="4" name="Assignment_Test1" time="51.567" errors="0" timestamp="03 Jan 2020 03:16:28 GMT">
  <testcase classname="Tests.Assignment1_Test" name="SearchProductInAmazonTest" time="12.408"/>
  <testcase classname="Tests.Assignment1_Test" name="NavigateToFlipkart" time="5.744"/>
  <testcase classname="Tests.Assignment1_Test" name="SearchProductTestInFlipCartTest" time="3.649"/>
  <testcase classname="Tests.Assignment1_Test" name="CompareBothPrices" time="0.003"/>
</testsuite> <!-- Assignment_Test1 -->
