<?xml version="1.0" encoding="UTF-8"?>
<testng-results ignored="0" total="4" passed="4" failed="0" skipped="0">
  <reporter-output>
  </reporter-output>
  <suite started-at="2020-01-23T14:33:44 IST" name="Assignment" finished-at="2020-01-23T14:34:08 IST" duration-ms="24401">
    <groups>
    </groups>
    <test started-at="2020-01-23T14:33:44 IST" name="Assignment1" finished-at="2020-01-23T14:34:08 IST" duration-ms="24401">
      <class name="Tests.Assignment1_Test">
        <test-method is-config="true" signature="SetUp()[pri:0, instance:Tests.Assignment1_Test@223f3642]" started-at="2020-01-23T14:33:44 IST" name="SetUp" finished-at="2020-01-23T14:33:55 IST" duration-ms="11474" status="PASS">
          <reporter-output>
          </reporter-output>
        </test-method> <!-- SetUp -->
        <test-method signature="SearchProductInAmazonTest()[pri:1, instance:Tests.Assignment1_Test@223f3642]" started-at="2020-01-23T14:33:55 IST" name="SearchProductInAmazonTest" finished-at="2020-01-23T14:34:02 IST" duration-ms="6870" status="PASS">
          <reporter-output>
          </reporter-output>
        </test-method> <!-- SearchProductInAmazonTest -->
        <test-method signature="NavigateToFlipkart()[pri:2, instance:Tests.Assignment1_Test@223f3642]" started-at="2020-01-23T14:34:02 IST" name="NavigateToFlipkart" finished-at="2020-01-23T14:34:04 IST" duration-ms="1926" status="PASS">
          <reporter-output>
          </reporter-output>
        </test-method> <!-- NavigateToFlipkart -->
        <test-method signature="SearchProductTestInFlipCartTest()[pri:3, instance:Tests.Assignment1_Test@223f3642]" started-at="2020-01-23T14:34:04 IST" name="SearchProductTestInFlipCartTest" finished-at="2020-01-23T14:34:08 IST" duration-ms="3465" status="PASS">
          <reporter-output>
          </reporter-output>
        </test-method> <!-- SearchProductTestInFlipCartTest -->
        <test-method signature="CompareBothPrices()[pri:4, instance:Tests.Assignment1_Test@223f3642]" started-at="2020-01-23T14:34:08 IST" name="CompareBothPrices" finished-at="2020-01-23T14:34:08 IST" duration-ms="1" status="PASS">
          <reporter-output>
          </reporter-output>
        </test-method> <!-- CompareBothPrices -->
        <test-method is-config="true" signature="teardown()[pri:0, instance:Tests.Assignment1_Test@223f3642]" started-at="2020-01-23T14:34:08 IST" name="teardown" finished-at="2020-01-23T14:34:08 IST" duration-ms="624" status="PASS">
          <reporter-output>
          </reporter-output>
        </test-method> <!-- teardown -->
      </class> <!-- Tests.Assignment1_Test -->
    </test> <!-- Assignment1 -->
  </suite> <!-- Assignment -->
</testng-results>
